<?xml version="1.0" encoding="utf-8"?><testsuites name="pytest tests"><testsuite name="pytest" errors="0" failures="1" skipped="3" tests="201" time="72.410" timestamp="2025-12-20T11:41:37.968007+11:00" hostname="MSI"><testcase classname="tests.api.test_cloudtrail_inbox_harness" name="test_cloudtrail_inbox_end_to_end_publish" time="0.115" /><testcase classname="tests.api.test_hopgraph_session_build_publish" name="test_minimal_session_build_publishes_counter" time="0.042" /><testcase classname="tests.api.test_hopgraph_sse_metrics" name="test_hopgraph_stream_metrics_increment_best_effort" time="0.048" /><testcase classname="tests.api.test_hopgraph_stream_metrics" name="test_metrics_increment_in_test_mode" time="0.052" /><testcase classname="tests.api.test_hopgraph_stream_testmode" name="test_publish_test_event_increments_metric" time="0.047" /><testcase classname="tests.api.test_hopgraph_zeek_pcap_publish" name="test_zeek_pcap_session_build_and_publish" time="0.056" /><testcase classname="tests.connectors.test_crowdstrike_connector" name="test_crowdstrike_stub_fetch_and_ack" time="0.062" /><testcase classname="tests.connectors.test_sentinel_connector" name="test_sentinel_stub_fetch_and_ack" time="0.046" /><testcase classname="tests.connectors.test_splunk_connector" name="test_splunk_stub_fetch_and_ack" time="0.049" /><testcase classname="tests.fast.test_batch1_rules" name="test_amsi_bypass_pos" time="0.047" /><testcase classname="tests.fast.test_batch1_rules" name="test_amsi_bypass_neg" time="0.038" /><testcase classname="tests.fast.test_batch1_rules" name="test_office_spawn_pos" time="0.250" /><testcase classname="tests.fast.test_batch1_rules" name="test_powershell_encoded_pos" time="0.042" /><testcase classname="tests.fast.test_batch1_rules" name="test_scheduled_task_lolbin_pos" time="0.041" /><testcase classname="tests.fast.test_batch1_rules" name="test_lsass_openprocess_pos" time="0.088" /><testcase classname="tests.fast.test_batch1_rules" name="test_new_service_nonstandard_path_pos" time="0.094" /><testcase classname="tests.fast.test_batch1_rules" name="test_registry_run_keys_pos" time="0.106" /><testcase classname="tests.fast.test_batch1_rules" name="test_lateral_chain_burst_no_neighbors" time="0.088" /><testcase classname="tests.fast.test_batch1_rules" name="test_graph_week1_summary_no_neighbors" time="0.125" /><testcase classname="tests.fast.test_cloudtrail_scoring_fixed" name="test_high_risk_event_scoring" time="0.051" /><testcase classname="tests.fast.test_correlation_office_macro" name="test_office_macro_direct_powershell" time="0.047" /><testcase classname="tests.fast.test_correlation_office_macro" name="test_office_macro_child_powershell" time="0.087" /><testcase classname="tests.fast.test_correlation_office_macro" name="test_office_macro_false_positive" time="0.076" /><testcase classname="tests.fast.test_email_attachment_analyzer" name="test_detect_macro_by_extension_and_signature" time="0.051" /><testcase classname="tests.fast.test_email_attachment_analyzer" name="test_extension_mismatch" time="0.038" /><testcase classname="tests.fast.test_email_attachment_analyzer_fixed" name="test_detect_macro_by_extension_and_signature" time="0.047" /><testcase classname="tests.fast.test_email_attachment_analyzer_fixed" name="test_extension_mismatch" time="0.041" /><testcase classname="tests.fast.test_iam_privilege_escalation" name="test_score_root_and_policy_change" time="0.056" /><testcase classname="tests.fast.test_iam_privilege_escalation_fixed" name="test_score_root_and_policy_change" time="0.057" /><testcase classname="tests.fast.test_rule_runner" name="test_run_rule_finds_neighbors" time="0.067" /><testcase classname="tests.fast.test_rules_office_iam_email" name="test_office_macro_chain_rule" time="0.063" /><testcase classname="tests.fast.test_rules_office_iam_email" name="test_iam_priv_escalation_rule" time="0.064" /><testcase classname="tests.fast.test_rules_office_iam_email" name="test_email_bec_chain_rule" time="0.051" /><testcase classname="tests.fast.test_runner_advanced" name="test_callable_adj_graph" time="0.041" /><testcase classname="tests.fast.test_runner_advanced" name="test_transitive_join_resolution" time="0.051" /><testcase classname="tests.fast.test_runner_advanced" name="test_missing_adjacency_returns_no_actions" time="0.051" /><testcase classname="tests.fast.test_runner_extra" name="test_regex_condition_matches_node" time="0.042" /><testcase classname="tests.fast.test_runner_extra" name="test_contains_condition_and_multi_condition" time="0.043" /><testcase classname="tests.fast.test_runner_extra" name="test_anchor_resolution_failure" time="0.041" /><testcase classname="tests.fast.test_runner_extra" name="test_emit_incident_dry_run_no_http_call" time="0.036" /><testcase classname="tests.fast.test_runner_mapping_and_emit" name="test_resolve_mapping_for_join_prefix" time="0.036" /><testcase classname="tests.fast.test_runner_mapping_and_emit" name="test_emit_incident_http_called" time="0.037" /><testcase classname="tests.fast.test_schema_loader" name="test_load_example_rule" time="0.055" /><testcase classname="tests.integration.test_attack_detection" name="test_identity_attack_scenario_transitions_and_explain" time="0.138"><skipped type="pytest.skip" message="Postgres not available">D:\AI\Threat_thy_sniffer\tests\integration\test_attack_detection.py:7: Postgres not available</skipped></testcase><testcase classname="tests.integration.test_sessions_db_integration" name="test_sessions_db_flow" time="0.004"><skipped type="pytest.skip" message="integration tests require CI/docker env or manual run">D:\AI\Threat_thy_sniffer\tests\integration\test_sessions_db_integration.py:9: integration tests require CI/docker env or manual run</skipped></testcase><testcase classname="tests.integrations.test_bgp_checkpoint" name="test_bgp_checkpoint_multi_source_and_ttl" time="0.303" /><testcase classname="tests.integrations.test_cloud_logs_adapters" name="test_cloudtrail_adapter_normalization" time="0.135" /><testcase classname="tests.integrations.test_cloud_logs_adapters" name="test_cloudwatch_adapter_normalization" time="0.112" /><testcase classname="tests.integrations.test_cloudtrail_s3_inbox" name="test_cloudtrail_s3_inbox_listing_and_loading" time="0.085" /><testcase classname="tests.integrations.test_connector_contracts_skeleton" name="test_fixture_shapes_present[tests/integrations/fixtures/splunk_savedsearch.json-_time]" time="0.046" /><testcase classname="tests.integrations.test_connector_contracts_skeleton" name="test_fixture_shapes_present[tests/integrations/fixtures/sentinel_alerts.json-timeGenerated]" time="0.053" /><testcase classname="tests.integrations.test_connector_contracts_skeleton" name="test_fixture_shapes_present[tests/integrations/fixtures/crowdstrike_events.json-timestamp]" time="0.059" /><testcase classname="tests.integrations.test_connector_contracts_skeleton" name="test_checkpoint_store_roundtrip" time="0.077" /><testcase classname="tests.integrations.test_connectors_httpx_mocks" name="test_splunk_pagination_and_hec_ack" time="0.170" /><testcase classname="tests.integrations.test_connectors_httpx_mocks" name="test_sentinel_oauth_and_nextlink" time="0.363" /><testcase classname="tests.integrations.test_connectors_httpx_mocks" name="test_crowdstrike_rate_limit_and_pagination" time="0.865" /><testcase classname="tests.integrations.test_connectors_httpx_mocks" name="test_crowdstrike_max_retries_exceeded" time="3.881" /><testcase classname="tests.integrations.test_crowdstrike_contract" name="test_crowdstrike_rate_limit_pagination_checkpoint" time="0.063" /><testcase classname="tests.integrations.test_crowdstrike_negative_cases" name="test_crowdstrike_malformed_resources_and_checkpoint" time="0.051" /><testcase classname="tests.integrations.test_crowdstrike_stream_cursor" name="test_stream_cursor_mode" time="0.054" /><testcase classname="tests.integrations.test_crowdstrike_stream_cursor" name="test_timestamp_fallback" time="0.045" /><testcase classname="tests.integrations.test_email_adapter" name="test_dkim_spf_parsing_and_redaction" time="0.036" /><testcase classname="tests.integrations.test_email_adapter" name="test_email_adapter_fetch_and_ack" time="0.037" /><testcase classname="tests.integrations.test_falco_adapter" name="test_falco_enrichment_with_sbom_lookup" time="0.040" /><testcase classname="tests.integrations.test_falco_enrichment_kev_epss" name="test_falco_kev_epss_structure_if_available" time="0.036"><skipped type="pytest.skip" message="vuln_enrichment not available; skipping KEV/EPSS structure assertions">D:\AI\Threat_thy_sniffer\tests\integrations\test_falco_enrichment_kev_epss.py:12: vuln_enrichment not available; skipping KEV/EPSS structure assertions</skipped></testcase><testcase classname="tests.integrations.test_iam_adapter" name="test_iam_token_refresh_and_cursor_idempotency" time="0.051" /><testcase classname="tests.integrations.test_network_adapter" name="test_network_synthetic_flow_replay_and_backpressure" time="0.040" /><testcase classname="tests.integrations.test_sentinel_contract" name="test_sentinel_auth_refresh_pagination_checkpoint" time="0.059" /><testcase classname="tests.integrations.test_sentinel_midstream_expiry" name="test_sentinel_midstream_token_expiry_refresh" time="0.082" /><testcase classname="tests.integrations.test_splunk_contract" name="test_splunk_saved_search_pagination_and_checkpoint" time="0.062" /><testcase classname="tests.integrations.test_splunk_job_lifecycle" name="test_splunk_job_lifecycle_and_timeout" time="0.067" /><testcase classname="tests.integrations.test_splunk_job_lifecycle" name="test_splunk_job_timeout" time="0.043" /><testcase classname="tests.integrations.test_splunk_job_negative_status" name="test_splunk_job_invalid_status_returns_false" time="0.043" /><testcase classname="tests.integrations.test_sysmon_adapter" name="test_sysmon_normalization_and_factors_stub" time="0.038" /><testcase classname="tests.integrations.test_zeek_pcap" name="test_zeek_batch_queue_and_normalization" time="0.035" /><testcase classname="tests.integrations.test_zeek_pcap" name="test_pcap_parse_packets_synthetic" time="0.038" /><testcase classname="tests.test_ab_full_lifecycle" name="test_ab_full_lifecycle" time="0.477" /><testcase classname="tests.test_accuracy_history" name="test_accuracy_history_records" time="0.056" /><testcase classname="tests.test_adapter.PyTestFunctionAdapter" name="test_tests_test_decay_invariants_test_asn_decay" time="1.145" /><testcase classname="tests.test_adapter.PyTestFunctionAdapter" name="test_tests_test_decay_invariants_test_domain_decay" time="1.091" /><testcase classname="tests.test_adapter.PyTestFunctionAdapter" name="test_tests_test_dedup_ttl_test_dedup_suppression_and_expiry" time="2.636" /><testcase classname="tests.test_adapter.PyTestFunctionAdapter" name="test_tests_test_evidence_rotation_test_evidence_rotation" time="0.184" /><testcase classname="tests.test_adapter.PyTestFunctionAdapter" name="test_tests_test_integrity_chain_test_alert_store_integrity_chain" time="0.050" /><testcase classname="tests.test_adapter.PyTestFunctionAdapter" name="test_tests_test_rule_generic_counter_test_rule_hit_counter" time="0.089" /><testcase classname="tests.test_admin_autogen" name="test_set_scoring_weights_and_toggle" time="0.067" /><testcase classname="tests.test_admin_flags" name="test_admin_flags_toggle" time="0.124" /><testcase classname="tests.test_admin_retrain_endpoints" name="test_retrain_status_and_drain" time="0.509" /><testcase classname="tests.test_admin_scoring" name="test_weights_persist_and_load" time="0.105" /><testcase classname="tests.test_admin_sessions" name="test_list_and_revoke" time="0.132" /><testcase classname="tests.test_ai_detector_integration" name="test_ai_detector_flag_emits_and_records" time="0.086" /><testcase classname="tests.test_ai_force_ledger" name="test_force_external_records_ledger" time="1.164" /><testcase classname="tests.test_ai_kill_chain" name="test_ai_kill_chain_stage_mapping_basic" time="0.037" /><testcase classname="tests.test_alert_search.TestAlertSearch" name="test_filter_host" time="0.081" /><testcase classname="tests.test_alert_search.TestAlertSearch" name="test_pagination" time="0.104" /><testcase classname="tests.test_alerts_multitenant" name="test_tenant_header_required_when_disabled" time="0.074" /><testcase classname="tests.test_alerts_multitenant" name="test_alert_search_tenant_isolation" time="0.415" /><testcase classname="tests.test_alerts_multitenant" name="test_hash_chain_continuity_per_tenant" time="0.280" /><testcase classname="tests.test_ambiguity_gating" name="test_ambiguity_band_disabled_no_llm" time="0.075" /><testcase classname="tests.test_ambiguity_gating" name="test_ambiguity_band_enabled" time="0.036" /><testcase classname="tests.test_analysis_pipeline" name="test_start_and_complete_session" time="0.627" /><testcase classname="tests.test_analysis_start_payload" name="test_start_session_payload" time="0.251" /><testcase classname="tests.test_analytics_features" name="test_factor_emergence_and_embedding_simulation" time="0.036" /><testcase classname="tests.test_analytics_features" name="test_finops_overview_ewma_anomaly_flag_behavior" time="0.055" /><testcase classname="tests.test_api_bola_negative" name="test_decisions_recent_excludes_other_tenant" time="0.088" /><testcase classname="tests.test_api_bola_negative" name="test_decision_explain_wrong_tenant_denied" time="0.149" /><testcase classname="tests.test_api_bola_negative" name="test_incidents_list_excludes_other_tenant" time="1.781" /><testcase classname="tests.test_api_bola_negative" name="test_incident_subgraph_wrong_tenant_404" time="2.046" /><testcase classname="tests.test_api_bola_negative" name="test_decision_explain_missing_tenant_allowed" time="0.159" /><testcase classname="tests.test_api_endpoints" name="test_label_endpoint_and_status" time="0.083" /><testcase classname="tests.test_api_endpoints" name="test_calibration_export_api" time="0.053" /><testcase classname="tests.test_api_security" name="test_graph_reconstruct_requires_api_key" time="0.055" /><testcase classname="tests.test_api_security" name="test_incident_attack_subgraph_requires_api_key" time="0.050" /><testcase classname="tests.test_api_security" name="test_graph_reconstruct_with_bad_key" time="0.056" /><testcase classname="tests.test_artifact_analyze_batch_contract" name="test_contract_shape[plink.exe-C:/Users/user/Downloads/plink.exe]" time="0.066" /><testcase classname="tests.test_artifact_analyze_batch_contract" name="test_contract_shape[evil.exe-C:/temp/evil.exe]" time="0.080" /><testcase classname="tests.test_artifact_dread_integration" name="test_artifact_includes_dread" time="0.037" /><testcase classname="tests.test_artifact_scanner_escalation" name="test_artifact_scanner_ambiguous_and_high_risk" time="0.069" /><testcase classname="tests.test_asn_baseline" name="test_asn_rarity_ttl" time="1.242" /><testcase classname="tests.test_asn_emission_in_session" name="test_asn_emission_in_session" time="0.106" /><testcase classname="tests.test_asn_seeding" name="test_asn_seeding_and_rare_factor" time="0.397" /><testcase classname="tests.test_assessment_disk_fallback" name="test_get_assessment_cached_falls_back_to_disk" time="0.203" /><testcase classname="tests.test_assessment_persistence" name="test_assessment_persistence" time="0.819" /><testcase classname="tests.test_async_outbox_consumer" name="test_outbox_retry_and_dlq" time="2.255" /><testcase classname="tests.test_attachment_analyzer" name="test_attachment_macro_and_executable_detection" time="0.036" /><testcase classname="tests.test_attachment_analyzer" name="test_attachment_suspicious_filename" time="0.039" /><testcase classname="tests.test_audit_log" name="test_audit_writes" time="0.062" /><testcase classname="tests.test_augment_llm_row" name="test_augment_parses_persona_text" time="0.147" /><testcase classname="tests.test_auth_smoke" name="test_admin_promote_and_alias_and_label" time="0.250" /><testcase classname="tests.test_auto_accept_and_repo" name="test_auto_accept_and_repo" time="0.265" /><testcase classname="tests.test_auto_generated_incident" name="test_auto_generated_incident_created" time="0.096" /><testcase classname="tests.test_auto_incident" name="test_auto_incident_writes_dump" time="3.051" /><testcase classname="tests.test_auto_incident_evidence" name="test_auto_incident_evidence_and_metadata" time="0.069" /><testcase classname="tests.test_auto_incident_integration" name="test_auto_incident_creates_incident" time="0.069" /><testcase classname="tests.test_auto_incident_integration" name="test_dedup_and_tenant_rate_limit" time="0.075" /><testcase classname="tests.test_auto_llm" name="test_summarize_row_fallback_line_counts" time="0.049" /><testcase classname="tests.test_auto_llm" name="test_semantic_truncate_respects_max_chars" time="0.102" /><testcase classname="tests.test_auto_llm" name="test_should_include_missing_logs_logic" time="0.051" /><testcase classname="tests.test_auto_llm" name="test_build_llm_prompt_contains_sections_and_context" time="0.036" /><testcase classname="tests.test_auto_llm" name="test_build_llm_prompt_missing_logs_included_when_flagged" time="0.046" /><testcase classname="tests.test_auto_llm_schema" name="test_build_llm_row_schema_deterministic" time="0.139" /><testcase classname="tests.test_backfill" name="test_backfill_selection_and_status" time="2.300" /><testcase classname="tests.test_backfill_adaptive" name="test_adaptive_backfill_basic" time="0.057" /><testcase classname="tests.test_backfill_autorank" name="test_backfill_prioritizes_by_triage" time="0.075" /><testcase classname="tests.test_backfill_cancel" name="test_backfill_start_and_cancel" time="0.841" /><testcase classname="tests.test_backfill_endpoints_minimal" name="test_start_and_status_and_stop" time="0.142" /><testcase classname="tests.test_backfill_persist_cancel" name="test_backfill_persisted_cancel" time="0.549" /><testcase classname="tests.test_backfill_rehydrate_and_cancel" name="test_rehydrate_and_cancel" time="0.112" /><testcase classname="tests.test_backoff" name="test_retry_success" time="0.062" /><testcase classname="tests.test_backoff" name="test_retry_fail" time="0.063" /><testcase classname="tests.test_backoff_retry_after_strict" name="test_retry_after_attribute" time="0.064" /><testcase classname="tests.test_backoff_retry_after_strict" name="test_retry_after_header_seconds" time="0.040" /><testcase classname="tests.test_backoff_retry_after_strict" name="test_retry_after_header_httpdate" time="0.041" /><testcase classname="tests.test_baseline_integration" name="test_nxdomain_spike_factor" time="0.040" /><testcase classname="tests.test_baseline_integration" name="test_asn_rarity_factor" time="0.040" /><testcase classname="tests.test_baseline_service" name="test_baseline_service_basic_anomaly" time="0.046" /><testcase classname="tests.test_baseline_service" name="test_baseline_service_placeholder" time="0.038" /><testcase classname="tests.test_batch_feedback_endpoint" name="test_batch_feedback_endpoint_basic" time="0.077" /><testcase classname="tests.test_beacon_detection" name="test_beacon_periodic_factor" time="0.062" /><testcase classname="tests.test_beacon_detector" name="test_beacon_detector_periodicity" time="0.032" /><testcase classname="tests.test_beacon_flag_gating" name="test_beacon_multiscale_flag_gating" time="0.054" /><testcase classname="tests.test_beacon_jitter_metrics" name="test_beacon_high_jitter_no_periodic" time="0.057" /><testcase classname="tests.test_beacon_jitter_metrics" name="test_beacon_metrics_increment" time="0.053" /><testcase classname="tests.test_beacon_lomb_error_path" name="test_lomb_scargle_error_path" time="0.048" /><testcase classname="tests.test_beacon_lomb_scargle" name="test_beacon_lomb_scargle_path_skipped_when_absent" time="0.046" /><testcase classname="tests.test_beacon_lomb_scargle" name="test_beacon_lomb_scargle_path_when_present" time="0.057" /><testcase classname="tests.test_beacon_multiscale" name="test_beacon_multiscale_explanation" time="0.064" /><testcase classname="tests.test_benign_precision" name="test_benign_does_not_trigger_new_high_signal_factors" time="0.034" /><testcase classname="tests.test_bgp_client_and_enrichment" name="test_bgp_parse_variants" time="0.036" /><testcase classname="tests.test_bgp_client_and_enrichment" name="test_hunter_bgp_enrichment_with_overlaps" time="0.033" /><testcase classname="tests.test_bgp_lookup" name="test_get_prefix_for_ip_simple" time="0.035" /><testcase classname="tests.test_bgp_metadata_edges" name="test_ingest_bgp_prefix_adds_bgp_meta_and_routing_edge" time="0.031" /><testcase classname="tests.test_bgp_network_wiring" name="test_bgp_wiring_load_pushes_route_nodes" time="0.062" /><testcase classname="tests.test_bias_report" name="test_compute_bias_basic" time="0.033" /><testcase classname="tests.test_bola_tenant_enforcement" name="test_decisions_cross_tenant_write_block" time="0.038" /><testcase classname="tests.test_bola_tenant_enforcement" name="test_events_cross_tenant_write_block" time="0.042" /><testcase classname="tests.test_bola_tenant_enforcement" name="test_incidents_cross_tenant_write_and_read_block" time="0.035" /><testcase classname="tests.test_bridging" name="test_bridge_cap_enforced" time="0.031" /><testcase classname="tests.test_bridging" name="test_bridge_rollback_on_no_improve" time="0.032" /><testcase classname="tests.test_bridging" name="test_bridge_persists_on_improve" time="0.032" /><testcase classname="tests.test_campaign_correlation" name="test_campaign_emission_threshold" time="0.034" /><testcase classname="tests.test_campaign_correlation" name="test_campaign_cooldown_allows_after_time" time="1.136" /><testcase classname="tests.test_cert_checks" name="test_cert_check_queue_and_process" time="0.145" /><testcase classname="tests.test_cert_checks" name="test_cert_check_ttl" time="0.198" /><testcase classname="tests.test_cert_checks_flush_integration" name="test_flush_endpoint_and_status" time="1.103" /><testcase classname="tests.test_cert_checks_webhook" name="test_cert_checks_ct_ocsp_webhook" time="0.217" /><testcase classname="tests.test_cert_checks_webhook" name="test_cert_checks_retry_queue" time="0.113" /><testcase classname="tests.test_cert_factor_minimal" name="test_minimal_cert_factors_self_signed_and_expired" time="0.040" /><testcase classname="tests.test_cert_factor_minimal" name="test_short_validity_and_sni_mismatch" time="0.040" /><testcase classname="tests.test_certificate_analysis" name="test_self_signed_and_weak_sig" time="0.042" /><testcase classname="tests.test_certificate_analysis" name="test_expired_and_short_validity" time="0.036" /><testcase classname="tests.test_certificate_analysis" name="test_short_validity_flag" time="0.035" /><testcase classname="tests.test_change_point" name="test_cusum_detects_step_change" time="0.033" /><testcase classname="tests.test_change_point" name="test_cusum_no_false_positive_on_flat_series" time="0.033" /><testcase classname="tests.test_change_point" name="test_streaming_api_matches_batch_behavior" time="0.037" /><testcase classname="tests.test_change_point" name="test_optional_pelt_wrapper_safe" time="0.032" /><testcase classname="tests.test_circuit_breaker_half_open" name="test_cb_half_open_trials" time="0.175" /><testcase classname="tests.test_circuit_breaker_half_open" name="test_cb_half_open_failure_reopens" time="0.180" /><testcase classname="tests.test_circuit_breaker_stub" name="test_circuit_breaker_opens_for_eclipse" time="0.129" /><testcase classname="tests.test_classification_and_sse" name="test_event_classification_ignore_observe_alert" time="0.139" /><testcase classname="tests.test_classification_and_sse" name="test_sse_stream_connection" time="0.060" /><testcase classname="tests.test_closed_loop_e2e" name="test_closed_loop_e2e" time="0.195"><failure message="TypeError: An asyncio.Future, a coroutine or an awaitable is required">tmp_path = WindowsPath('C:/Users/Kevin J/AppData/Local/Temp/pytest-of-Kevin J/pytest-3069/test_closed_loop_e2e0')

    def test_closed_loop_e2e(tmp_path):
        # Ensure platform DB disabled so manager uses local sqlite file
        os.environ['USE_PLATFORM_DB'] = '0'
        # create a dedicated DB path
        db_path = tmp_path / 'clm.db'
        clm = ClosedLoopManager(db_path=str(db_path))
    
        # Add synthetic feedback
        clm.add_feedback('evt-1', ['factor_a','factor_b'], 1)
        # ensure learner ready
        assert clm.ready_to_learn() in (True, False)
    
        # Propose weights (call the async method)
&gt;       res = asyncio.get_event_loop().run_until_complete(clm.propose_weights())
              ^^^^^^^^^^^^^^^^^^^^^^^^^^^^^^^^^^^^^^^^^^^^^^^^^^^^^^^^^^^^^^^^^^

tests\test_closed_loop_e2e.py:22: 
_ _ _ _ _ _ _ _ _ _ _ _ _ _ _ _ _ _ _ _ _ _ _ _ _ _ _ _ _ _ _ _ _ _ _ _ _ _ _ _
C:\Program Files\WindowsApps\PythonSoftwareFoundation.Python.3.11_3.11.2544.0_x64__qbz5n2kfra8p0\Lib\asyncio\base_events.py:633: in run_until_complete
    future = tasks.ensure_future(future, loop=self)
             ^^^^^^^^^^^^^^^^^^^^^^^^^^^^^^^^^^^^^^
C:\Program Files\WindowsApps\PythonSoftwareFoundation.Python.3.11_3.11.2544.0_x64__qbz5n2kfra8p0\Lib\asyncio\tasks.py:659: in ensure_future
    return _ensure_future(coro_or_future, loop=loop)
           ^^^^^^^^^^^^^^^^^^^^^^^^^^^^^^^^^^^^^^^^^
_ _ _ _ _ _ _ _ _ _ _ _ _ _ _ _ _ _ _ _ _ _ _ _ _ _ _ _ _ _ _ _ _ _ _ _ _ _ _ _

coro_or_future = {'candidate': {'factor_a': 0.55, 'factor_b': 0.55}, 'candidate_id': None, 'factor_a': 0.55, 'factor_b': 0.55, ...}

    def _ensure_future(coro_or_future, *, loop=None):
        if futures.isfuture(coro_or_future):
            if loop is not None and loop is not futures._get_loop(coro_or_future):
                raise ValueError('The future belongs to a different loop than '
                                'the one specified as the loop argument')
            return coro_or_future
        called_wrap_awaitable = False
        if not coroutines.iscoroutine(coro_or_future):
            if inspect.isawaitable(coro_or_future):
                coro_or_future = _wrap_awaitable(coro_or_future)
                called_wrap_awaitable = True
            else:
&gt;               raise TypeError('An asyncio.Future, a coroutine or an awaitable '
                                'is required')
E               TypeError: An asyncio.Future, a coroutine or an awaitable is required

C:\Program Files\WindowsApps\PythonSoftwareFoundation.Python.3.11_3.11.2544.0_x64__qbz5n2kfra8p0\Lib\asyncio\tasks.py:674: TypeError</failure></testcase></testsuite></testsuites>